<?xml version="1.0" encoding="UTF-8"?>
<!-- Generated by org.testng.reporters.JUnitXMLReporter -->
<testsuite hostname="DESKTOP-45P2JLI" name="Test" tests="2" failures="2" timestamp="21 Jan 2020 10:25:00 GMT" time="3.148" errors="0">
  <testcase name="runCukes" time="2.124" classname="com.w2a.cucumber.zoho.runners.LoginFeatureRunner">
    <failure type="cucumber.runtime.CucumberException" message="java.lang.Error: Unresolved compilation problems: 
	The method firefox() is undefined for the type DesiredCapabilities
	The method chrome() is undefined for the type DesiredCapabilities
	The method internetExplorer() is undefined for the type DesiredCapabilities
">
      <![CDATA[cucumber.runtime.CucumberException: java.lang.Error: Unresolved compilation problems: 
	The method firefox() is undefined for the type DesiredCapabilities
	The method chrome() is undefined for the type DesiredCapabilities
	The method internetExplorer() is undefined for the type DesiredCapabilities

	at cucumber.api.testng.TestNGCucumberRunner.runCukes(TestNGCucumberRunner.java:57)
	at com.w2a.cucumber.zoho.runners.LoginFeatureRunner.runCukes(LoginFeatureRunner.java:22)
	at java.util.concurrent.ThreadPoolExecutor.runWorker(ThreadPoolExecutor.java:1142)
	at java.util.concurrent.ThreadPoolExecutor$Worker.run(ThreadPoolExecutor.java:617)
	at java.lang.Thread.run(Thread.java:745)
Caused by: java.lang.Error: Unresolved compilation problems: 
	The method firefox() is undefined for the type DesiredCapabilities
	The method chrome() is undefined for the type DesiredCapabilities
	The method internetExplorer() is undefined for the type DesiredCapabilities

	at com.w2a.cucumber.zoho.steps.BaseSteps.openBrowser(BaseSteps.java:145)
	at com.w2a.cucumber.zoho.steps.ZohoSteps.launch_browser(ZohoSteps.java:65)
	at ✽.Given launch browser 'firefox'(src/test/resources/features/login.feature:4)
... Removed 10 stack frames]]>
    </failure>
  </testcase> <!-- runCukes -->
  <testcase name="runCukes" time="3.114" classname="com.w2a.cucumber.zoho.runners.ValidateCRMFeatureRunner">
    <failure type="cucumber.runtime.CucumberException" message="java.lang.Error: Unresolved compilation problems: 
	The method firefox() is undefined for the type DesiredCapabilities
	The method chrome() is undefined for the type DesiredCapabilities
	The method internetExplorer() is undefined for the type DesiredCapabilities
">
      <![CDATA[cucumber.runtime.CucumberException: java.lang.Error: Unresolved compilation problems: 
	The method firefox() is undefined for the type DesiredCapabilities
	The method chrome() is undefined for the type DesiredCapabilities
	The method internetExplorer() is undefined for the type DesiredCapabilities

	at cucumber.api.testng.TestNGCucumberRunner.runCukes(TestNGCucumberRunner.java:57)
	at com.w2a.cucumber.zoho.runners.ValidateCRMFeatureRunner.runCukes(ValidateCRMFeatureRunner.java:22)
	at java.util.concurrent.ThreadPoolExecutor.runWorker(ThreadPoolExecutor.java:1142)
	at java.util.concurrent.ThreadPoolExecutor$Worker.run(ThreadPoolExecutor.java:617)
	at java.lang.Thread.run(Thread.java:745)
Caused by: java.lang.Error: Unresolved compilation problems: 
	The method firefox() is undefined for the type DesiredCapabilities
	The method chrome() is undefined for the type DesiredCapabilities
	The method internetExplorer() is undefined for the type DesiredCapabilities

	at com.w2a.cucumber.zoho.steps.BaseSteps.openBrowser(BaseSteps.java:145)
	at com.w2a.cucumber.zoho.steps.ZohoSteps.launch_browser(ZohoSteps.java:65)
	at ✽.Given launch browser 'firefox'(src/test/resources/features/validateCRM.feature:4)
... Removed 10 stack frames]]>
    </failure>
  </testcase> <!-- runCukes -->
</testsuite> <!-- Test -->
