<!DOCTYPE html PUBLIC "-//W3C//DTD XHTML 1.1//EN" "http://www.w3.org/TR/xhtml11/DTD/xhtml11.dtd">
<html xmlns="http://www.w3.org/1999/xhtml"><head><title>TestNG Report</title><style type="text/css">table {margin-bottom:10px;border-collapse:collapse;empty-cells:show}th,td {border:1px solid #009;padding:.25em .5em}th {vertical-align:bottom}td {vertical-align:top}table a {font-weight:bold}.stripe td {background-color: #E6EBF9}.num {text-align:right}.passedodd td {background-color: #3F3}.passedeven td {background-color: #0A0}.skippedodd td {background-color: #DDD}.skippedeven td {background-color: #CCC}.failedodd td,.attn {background-color: #F33}.failedeven td,.stripe .attn {background-color: #D00}.stacktrace {white-space:pre;font-family:monospace}.totop {font-size:85%;text-align:center;border-bottom:2px solid #000}</style></head><body><table><tr><th>Test</th><th># Passed</th><th># Skipped</th><th># Failed</th><th>Time (ms)</th><th>Included Groups</th><th>Excluded Groups</th></tr><tr><th colspan="7">Suite</th></tr><tr><td><a href="#t0">Test</a></td><td class="num">0</td><td class="num">0</td><td class="num attn">2</td><td class="num">3,148</td><td></td><td></td></tr></table><table><thead><tr><th>Class</th><th>Method</th><th>Start</th><th>Time (ms)</th></tr></thead><tbody><tr><th colspan="4">Suite</th></tr></tbody><tbody id="t0"><tr><th colspan="4">Test &#8212; failed</th></tr><tr class="failedeven"><td rowspan="1">com.w2a.cucumber.zoho.runners.LoginFeatureRunner</td><td><a href="#m0">runCukes</a></td><td rowspan="1">1579602297735</td><td rowspan="1">2124</td></tr><tr class="failedodd"><td rowspan="1">com.w2a.cucumber.zoho.runners.ValidateCRMFeatureRunner</td><td><a href="#m1">runCukes</a></td><td rowspan="1">1579602297735</td><td rowspan="1">3114</td></tr></tbody></table><h2>Test</h2><h3 id="m0">com.w2a.cucumber.zoho.runners.LoginFeatureRunner#runCukes</h3><table class="result"><tr><th>Exception</th></tr><tr><td><div class="stacktrace">cucumber.runtime.CucumberException: java.lang.Error: Unresolved compilation problems: 
	The method firefox() is undefined for the type DesiredCapabilities
	The method chrome() is undefined for the type DesiredCapabilities
	The method internetExplorer() is undefined for the type DesiredCapabilities

	at cucumber.api.testng.TestNGCucumberRunner.runCukes(TestNGCucumberRunner.java:57)
	at com.w2a.cucumber.zoho.runners.LoginFeatureRunner.runCukes(LoginFeatureRunner.java:22)
	at java.util.concurrent.ThreadPoolExecutor.runWorker(ThreadPoolExecutor.java:1142)
	at java.util.concurrent.ThreadPoolExecutor$Worker.run(ThreadPoolExecutor.java:617)
	at java.lang.Thread.run(Thread.java:745)
Caused by: java.lang.Error: Unresolved compilation problems: 
	The method firefox() is undefined for the type DesiredCapabilities
	The method chrome() is undefined for the type DesiredCapabilities
	The method internetExplorer() is undefined for the type DesiredCapabilities

	at com.w2a.cucumber.zoho.steps.BaseSteps.openBrowser(BaseSteps.java:145)
	at com.w2a.cucumber.zoho.steps.ZohoSteps.launch_browser(ZohoSteps.java:65)
	at ?.Given launch browser &apos;firefox&apos;(src/test/resources/features/login.feature:4)
... Removed 10 stack frames</div></td></tr></table><p class="totop"><a href="#summary">back to summary</a></p><h3 id="m1">com.w2a.cucumber.zoho.runners.ValidateCRMFeatureRunner#runCukes</h3><table class="result"><tr><th>Exception</th></tr><tr><td><div class="stacktrace">cucumber.runtime.CucumberException: java.lang.Error: Unresolved compilation problems: 
	The method firefox() is undefined for the type DesiredCapabilities
	The method chrome() is undefined for the type DesiredCapabilities
	The method internetExplorer() is undefined for the type DesiredCapabilities

	at cucumber.api.testng.TestNGCucumberRunner.runCukes(TestNGCucumberRunner.java:57)
	at com.w2a.cucumber.zoho.runners.ValidateCRMFeatureRunner.runCukes(ValidateCRMFeatureRunner.java:22)
	at java.util.concurrent.ThreadPoolExecutor.runWorker(ThreadPoolExecutor.java:1142)
	at java.util.concurrent.ThreadPoolExecutor$Worker.run(ThreadPoolExecutor.java:617)
	at java.lang.Thread.run(Thread.java:745)
Caused by: java.lang.Error: Unresolved compilation problems: 
	The method firefox() is undefined for the type DesiredCapabilities
	The method chrome() is undefined for the type DesiredCapabilities
	The method internetExplorer() is undefined for the type DesiredCapabilities

	at com.w2a.cucumber.zoho.steps.BaseSteps.openBrowser(BaseSteps.java:145)
	at com.w2a.cucumber.zoho.steps.ZohoSteps.launch_browser(ZohoSteps.java:65)
	at ?.Given launch browser &apos;firefox&apos;(src/test/resources/features/validateCRM.feature:4)
... Removed 10 stack frames</div></td></tr></table><p class="totop"><a href="#summary">back to summary</a></p></body></html>