<?xml version="1.0" encoding="UTF-8"?>
<testng-results skipped="0" failed="2" total="2" passed="0">
  <reporter-output>
  </reporter-output>
  <suite name="Suite" duration-ms="3148" started-at="2020-01-21T10:24:57Z" finished-at="2020-01-21T10:25:00Z">
    <groups>
    </groups>
    <test name="Test" duration-ms="3148" started-at="2020-01-21T10:24:57Z" finished-at="2020-01-21T10:25:00Z">
      <class name="com.w2a.cucumber.zoho.runners.ValidateCRMFeatureRunner">
        <test-method status="FAIL" signature="runCukes()[pri:0, instance:com.w2a.cucumber.zoho.runners.ValidateCRMFeatureRunner@7f690630]" name="runCukes" duration-ms="3114" started-at="2020-01-21T15:54:57Z" finished-at="2020-01-21T15:55:00Z">
          <exception class="cucumber.runtime.CucumberException">
            <message>
              <![CDATA[java.lang.Error: Unresolved compilation problems: 
	The method firefox() is undefined for the type DesiredCapabilities
	The method chrome() is undefined for the type DesiredCapabilities
	The method internetExplorer() is undefined for the type DesiredCapabilities
]]>
            </message>
            <full-stacktrace>
              <![CDATA[cucumber.runtime.CucumberException: java.lang.Error: Unresolved compilation problems: 
	The method firefox() is undefined for the type DesiredCapabilities
	The method chrome() is undefined for the type DesiredCapabilities
	The method internetExplorer() is undefined for the type DesiredCapabilities

	at cucumber.api.testng.TestNGCucumberRunner.runCukes(TestNGCucumberRunner.java:57)
	at com.w2a.cucumber.zoho.runners.ValidateCRMFeatureRunner.runCukes(ValidateCRMFeatureRunner.java:22)
	at sun.reflect.NativeMethodAccessorImpl.invoke0(Native Method)
	at sun.reflect.NativeMethodAccessorImpl.invoke(NativeMethodAccessorImpl.java:62)
	at sun.reflect.DelegatingMethodAccessorImpl.invoke(DelegatingMethodAccessorImpl.java:43)
	at java.lang.reflect.Method.invoke(Method.java:497)
	at org.testng.internal.MethodInvocationHelper.invokeMethod(MethodInvocationHelper.java:86)
	at org.testng.internal.Invoker.invokeMethod(Invoker.java:643)
	at org.testng.internal.Invoker.invokeTestMethod(Invoker.java:820)
	at org.testng.internal.Invoker.invokeTestMethods(Invoker.java:1128)
	at org.testng.internal.TestMethodWorker.invokeTestMethods(TestMethodWorker.java:129)
	at org.testng.internal.TestMethodWorker.run(TestMethodWorker.java:112)
	at java.util.concurrent.ThreadPoolExecutor.runWorker(ThreadPoolExecutor.java:1142)
	at java.util.concurrent.ThreadPoolExecutor$Worker.run(ThreadPoolExecutor.java:617)
	at java.lang.Thread.run(Thread.java:745)
Caused by: java.lang.Error: Unresolved compilation problems: 
	The method firefox() is undefined for the type DesiredCapabilities
	The method chrome() is undefined for the type DesiredCapabilities
	The method internetExplorer() is undefined for the type DesiredCapabilities

	at com.w2a.cucumber.zoho.steps.BaseSteps.openBrowser(BaseSteps.java:145)
	at com.w2a.cucumber.zoho.steps.ZohoSteps.launch_browser(ZohoSteps.java:65)
	at ✽.Given launch browser 'firefox'(src/test/resources/features/validateCRM.feature:4)
]]>
            </full-stacktrace>
          </exception> <!-- cucumber.runtime.CucumberException -->
          <reporter-output>
          </reporter-output>
        </test-method> <!-- runCukes -->
      </class> <!-- com.w2a.cucumber.zoho.runners.ValidateCRMFeatureRunner -->
      <class name="com.w2a.cucumber.zoho.runners.LoginFeatureRunner">
        <test-method status="FAIL" signature="runCukes()[pri:0, instance:com.w2a.cucumber.zoho.runners.LoginFeatureRunner@6442b0a6]" name="runCukes" duration-ms="2124" started-at="2020-01-21T15:54:57Z" finished-at="2020-01-21T15:54:59Z">
          <exception class="cucumber.runtime.CucumberException">
            <message>
              <![CDATA[java.lang.Error: Unresolved compilation problems: 
	The method firefox() is undefined for the type DesiredCapabilities
	The method chrome() is undefined for the type DesiredCapabilities
	The method internetExplorer() is undefined for the type DesiredCapabilities
]]>
            </message>
            <full-stacktrace>
              <![CDATA[cucumber.runtime.CucumberException: java.lang.Error: Unresolved compilation problems: 
	The method firefox() is undefined for the type DesiredCapabilities
	The method chrome() is undefined for the type DesiredCapabilities
	The method internetExplorer() is undefined for the type DesiredCapabilities

	at cucumber.api.testng.TestNGCucumberRunner.runCukes(TestNGCucumberRunner.java:57)
	at com.w2a.cucumber.zoho.runners.LoginFeatureRunner.runCukes(LoginFeatureRunner.java:22)
	at sun.reflect.NativeMethodAccessorImpl.invoke0(Native Method)
	at sun.reflect.NativeMethodAccessorImpl.invoke(NativeMethodAccessorImpl.java:62)
	at sun.reflect.DelegatingMethodAccessorImpl.invoke(DelegatingMethodAccessorImpl.java:43)
	at java.lang.reflect.Method.invoke(Method.java:497)
	at org.testng.internal.MethodInvocationHelper.invokeMethod(MethodInvocationHelper.java:86)
	at org.testng.internal.Invoker.invokeMethod(Invoker.java:643)
	at org.testng.internal.Invoker.invokeTestMethod(Invoker.java:820)
	at org.testng.internal.Invoker.invokeTestMethods(Invoker.java:1128)
	at org.testng.internal.TestMethodWorker.invokeTestMethods(TestMethodWorker.java:129)
	at org.testng.internal.TestMethodWorker.run(TestMethodWorker.java:112)
	at java.util.concurrent.ThreadPoolExecutor.runWorker(ThreadPoolExecutor.java:1142)
	at java.util.concurrent.ThreadPoolExecutor$Worker.run(ThreadPoolExecutor.java:617)
	at java.lang.Thread.run(Thread.java:745)
Caused by: java.lang.Error: Unresolved compilation problems: 
	The method firefox() is undefined for the type DesiredCapabilities
	The method chrome() is undefined for the type DesiredCapabilities
	The method internetExplorer() is undefined for the type DesiredCapabilities

	at com.w2a.cucumber.zoho.steps.BaseSteps.openBrowser(BaseSteps.java:145)
	at com.w2a.cucumber.zoho.steps.ZohoSteps.launch_browser(ZohoSteps.java:65)
	at ✽.Given launch browser 'firefox'(src/test/resources/features/login.feature:4)
]]>
            </full-stacktrace>
          </exception> <!-- cucumber.runtime.CucumberException -->
          <reporter-output>
          </reporter-output>
        </test-method> <!-- runCukes -->
      </class> <!-- com.w2a.cucumber.zoho.runners.LoginFeatureRunner -->
    </test> <!-- Test -->
  </suite> <!-- Suite -->
</testng-results>
